[2025-09-07T05:09:59.815+0000] {manager.py:469} INFO - Processing files using up to 2 processes at a time 
[2025-09-07T05:09:59.817+0000] {manager.py:470} INFO - Process each file at most once every 30 seconds
[2025-09-07T05:09:59.827+0000] {manager.py:471} INFO - Checking for new files in /opt/airflow/dags every 300 seconds
[2025-09-07T05:09:59.831+0000] {manager.py:738} INFO - Searching for files in /opt/airflow/dags
[2025-09-07T05:09:59.996+0000] {manager.py:741} INFO - There are 1 files in /opt/airflow/dags
[2025-09-07T05:10:00.136+0000] {manager.py:879} INFO - 
================================================================================
DAG File Processing Stats

File Path                            PID  Runtime      # DAGs    # Errors  Last Runtime    Last Run
---------------------------------  -----  ---------  --------  ----------  --------------  ----------
/opt/airflow/dags/etl_pipeline.py     68  0.05s             0           0
================================================================================
[2025-09-07T05:10:31.442+0000] {manager.py:879} INFO - 
================================================================================
DAG File Processing Stats

File Path                          PID    Runtime      # DAGs    # Errors  Last Runtime    Last Run
---------------------------------  -----  ---------  --------  ----------  --------------  -------------------
/opt/airflow/dags/etl_pipeline.py                           1           0  2.19s           2025-09-07T05:10:02
================================================================================
[2025-09-07T05:11:04.494+0000] {manager.py:879} INFO - 
================================================================================
DAG File Processing Stats

File Path                          PID    Runtime      # DAGs    # Errors  Last Runtime    Last Run
---------------------------------  -----  ---------  --------  ----------  --------------  -------------------
/opt/airflow/dags/etl_pipeline.py                           1           0  0.32s           2025-09-07T05:11:03
================================================================================
[2025-09-07T05:11:37.718+0000] {manager.py:879} INFO - 
================================================================================
DAG File Processing Stats

File Path                          PID    Runtime      # DAGs    # Errors  Last Runtime    Last Run
---------------------------------  -----  ---------  --------  ----------  --------------  -------------------
/opt/airflow/dags/etl_pipeline.py                           1           0  0.33s           2025-09-07T05:11:34
================================================================================
[2025-09-07T05:12:08.485+0000] {manager.py:879} INFO - 
================================================================================
DAG File Processing Stats

File Path                          PID    Runtime      # DAGs    # Errors  Last Runtime    Last Run
---------------------------------  -----  ---------  --------  ----------  --------------  -------------------
/opt/airflow/dags/etl_pipeline.py                           1           0  0.33s           2025-09-07T05:12:05
================================================================================
[2025-09-07T05:12:40.105+0000] {manager.py:879} INFO - 
================================================================================
DAG File Processing Stats

File Path                          PID    Runtime      # DAGs    # Errors  Last Runtime    Last Run
---------------------------------  -----  ---------  --------  ----------  --------------  -------------------
/opt/airflow/dags/etl_pipeline.py                           1           0  0.34s           2025-09-07T05:12:36
================================================================================
[2025-09-07T05:13:11.544+0000] {manager.py:879} INFO - 
================================================================================
DAG File Processing Stats

File Path                          PID    Runtime      # DAGs    # Errors  Last Runtime    Last Run
---------------------------------  -----  ---------  --------  ----------  --------------  -------------------
/opt/airflow/dags/etl_pipeline.py                           1           0  0.31s           2025-09-07T05:13:06
================================================================================
[2025-09-07T05:13:42.773+0000] {manager.py:879} INFO - 
================================================================================
DAG File Processing Stats

File Path                          PID    Runtime      # DAGs    # Errors  Last Runtime    Last Run
---------------------------------  -----  ---------  --------  ----------  --------------  -------------------
/opt/airflow/dags/etl_pipeline.py                           1           0  0.35s           2025-09-07T05:13:37
================================================================================
[2025-09-07T05:14:13.519+0000] {manager.py:879} INFO - 
================================================================================
DAG File Processing Stats

File Path                          PID    Runtime      # DAGs    # Errors  Last Runtime    Last Run
---------------------------------  -----  ---------  --------  ----------  --------------  -------------------
/opt/airflow/dags/etl_pipeline.py                           1           0  0.32s           2025-09-07T05:14:08
================================================================================
[2025-09-07T05:14:46.754+0000] {manager.py:879} INFO - 
================================================================================
DAG File Processing Stats

File Path                          PID    Runtime      # DAGs    # Errors  Last Runtime    Last Run
---------------------------------  -----  ---------  --------  ----------  --------------  -------------------
/opt/airflow/dags/etl_pipeline.py                           1           0  0.33s           2025-09-07T05:14:39
================================================================================
[2025-09-07T05:14:53.077+0000] {manager.py:451} INFO - Exiting gracefully upon receiving signal 15
[2025-09-07T05:15:49.512+0000] {manager.py:469} INFO - Processing files using up to 2 processes at a time 
[2025-09-07T05:15:49.513+0000] {manager.py:470} INFO - Process each file at most once every 30 seconds
[2025-09-07T05:15:49.513+0000] {manager.py:471} INFO - Checking for new files in /opt/airflow/dags every 300 seconds
[2025-09-07T05:15:49.514+0000] {manager.py:738} INFO - Searching for files in /opt/airflow/dags
[2025-09-07T05:15:49.551+0000] {manager.py:741} INFO - There are 1 files in /opt/airflow/dags
[2025-09-07T05:15:49.639+0000] {manager.py:879} INFO - 
================================================================================
DAG File Processing Stats

File Path                            PID  Runtime      # DAGs    # Errors  Last Runtime    Last Run
---------------------------------  -----  ---------  --------  ----------  --------------  ----------
/opt/airflow/dags/etl_pipeline.py     57  0.03s             0           0
================================================================================
[2025-09-07T05:16:20.340+0000] {manager.py:879} INFO - 
================================================================================
DAG File Processing Stats

File Path                          PID    Runtime      # DAGs    # Errors  Last Runtime    Last Run
---------------------------------  -----  ---------  --------  ----------  --------------  -------------------
/opt/airflow/dags/etl_pipeline.py                           1           0  1.18s           2025-09-07T05:15:50
================================================================================
[2025-09-07T05:16:51.735+0000] {manager.py:879} INFO - 
================================================================================
DAG File Processing Stats

File Path                          PID    Runtime      # DAGs    # Errors  Last Runtime    Last Run
---------------------------------  -----  ---------  --------  ----------  --------------  -------------------
/opt/airflow/dags/etl_pipeline.py                           1           0  0.32s           2025-09-07T05:16:23
================================================================================
[2025-09-07T05:17:24.946+0000] {manager.py:879} INFO - 
================================================================================
DAG File Processing Stats

File Path                          PID    Runtime      # DAGs    # Errors  Last Runtime    Last Run
---------------------------------  -----  ---------  --------  ----------  --------------  -------------------
/opt/airflow/dags/etl_pipeline.py                           1           0  0.34s           2025-09-07T05:16:56
================================================================================
[2025-09-07T05:17:02.622+0000] {manager.py:879} INFO - 
================================================================================
DAG File Processing Stats

File Path                          PID    Runtime      # DAGs    # Errors  Last Runtime    Last Run
---------------------------------  -----  ---------  --------  ----------  --------------  -------------------
/opt/airflow/dags/etl_pipeline.py                           1           0  0.34s           2025-09-07T05:17:29
================================================================================
[2025-09-07T05:18:29.957+0000] {manager.py:879} INFO - 
================================================================================
DAG File Processing Stats

File Path                          PID    Runtime      # DAGs    # Errors  Last Runtime    Last Run
---------------------------------  -----  ---------  --------  ----------  --------------  -------------------
/opt/airflow/dags/etl_pipeline.py                           1           0  0.33s           2025-09-07T05:18:00
================================================================================
[2025-09-07T05:19:01.396+0000] {manager.py:879} INFO - 
================================================================================
DAG File Processing Stats

File Path                            PID  Runtime      # DAGs    # Errors  Last Runtime    Last Run
---------------------------------  -----  ---------  --------  ----------  --------------  -------------------
/opt/airflow/dags/etl_pipeline.py    117  0.01s             1           0  0.32s           2025-09-07T05:18:30
================================================================================
[2025-09-07T05:19:32.599+0000] {manager.py:879} INFO - 
================================================================================
DAG File Processing Stats

File Path                            PID  Runtime      # DAGs    # Errors  Last Runtime    Last Run
---------------------------------  -----  ---------  --------  ----------  --------------  -------------------
/opt/airflow/dags/etl_pipeline.py    125  0.00s             1           0  0.39s           2025-09-07T05:19:01
================================================================================
[2025-09-07T05:20:05.877+0000] {manager.py:879} INFO - 
================================================================================
DAG File Processing Stats

File Path                          PID    Runtime      # DAGs    # Errors  Last Runtime    Last Run
---------------------------------  -----  ---------  --------  ----------  --------------  -------------------
/opt/airflow/dags/etl_pipeline.py                           1           0  0.30s           2025-09-07T05:20:04
================================================================================
[2025-09-07T05:20:38.834+0000] {manager.py:879} INFO - 
================================================================================
DAG File Processing Stats

File Path                          PID    Runtime      # DAGs    # Errors  Last Runtime    Last Run
---------------------------------  -----  ---------  --------  ----------  --------------  -------------------
/opt/airflow/dags/etl_pipeline.py                           1           0  0.31s           2025-09-07T05:20:38
================================================================================
[2025-09-07T05:20:49.940+0000] {manager.py:738} INFO - Searching for files in /opt/airflow/dags
[2025-09-07T05:20:49.977+0000] {manager.py:741} INFO - There are 1 files in /opt/airflow/dags
[2025-09-07T05:21:10.131+0000] {manager.py:879} INFO - 
================================================================================
DAG File Processing Stats

File Path                          PID    Runtime      # DAGs    # Errors  Last Runtime    Last Run
---------------------------------  -----  ---------  --------  ----------  --------------  -------------------
/opt/airflow/dags/etl_pipeline.py                           1           0  0.53s           2025-09-07T05:21:09
================================================================================
[2025-09-07T05:21:41.016+0000] {manager.py:879} INFO - 
================================================================================
DAG File Processing Stats

File Path                          PID    Runtime      # DAGs    # Errors  Last Runtime    Last Run
---------------------------------  -----  ---------  --------  ----------  --------------  -------------------
/opt/airflow/dags/etl_pipeline.py                           1           0  0.34s           2025-09-07T05:21:40
================================================================================
[2025-09-07T05:22:12.746+0000] {manager.py:879} INFO - 
================================================================================
DAG File Processing Stats

File Path                          PID    Runtime      # DAGs    # Errors  Last Runtime    Last Run
---------------------------------  -----  ---------  --------  ----------  --------------  -------------------
/opt/airflow/dags/etl_pipeline.py                           1           0  0.35s           2025-09-07T05:22:10
================================================================================
[2025-09-07T05:22:43.983+0000] {manager.py:879} INFO - 
================================================================================
DAG File Processing Stats

File Path                          PID    Runtime      # DAGs    # Errors  Last Runtime    Last Run
---------------------------------  -----  ---------  --------  ----------  --------------  -------------------
/opt/airflow/dags/etl_pipeline.py                           1           0  0.42s           2025-09-07T05:22:41
================================================================================
[2025-09-07T05:23:16.939+0000] {manager.py:879} INFO - 
================================================================================
DAG File Processing Stats

File Path                          PID    Runtime      # DAGs    # Errors  Last Runtime    Last Run
---------------------------------  -----  ---------  --------  ----------  --------------  -------------------
/opt/airflow/dags/etl_pipeline.py                           1           0  0.33s           2025-09-07T05:23:14
================================================================================
[2025-09-07T05:23:26.511+0000] {manager.py:451} INFO - Exiting gracefully upon receiving signal 15
[2025-09-07T05:24:25.035+0000] {manager.py:469} INFO - Processing files using up to 2 processes at a time 
[2025-09-07T05:24:25.037+0000] {manager.py:470} INFO - Process each file at most once every 30 seconds
[2025-09-07T05:24:25.038+0000] {manager.py:471} INFO - Checking for new files in /opt/airflow/dags every 300 seconds
[2025-09-07T05:24:25.039+0000] {manager.py:738} INFO - Searching for files in /opt/airflow/dags
[2025-09-07T05:24:25.088+0000] {manager.py:741} INFO - There are 1 files in /opt/airflow/dags
[2025-09-07T05:24:25.208+0000] {manager.py:879} INFO - 
================================================================================
DAG File Processing Stats

File Path                            PID  Runtime      # DAGs    # Errors  Last Runtime    Last Run
---------------------------------  -----  ---------  --------  ----------  --------------  ----------
/opt/airflow/dags/etl_pipeline.py     56  0.04s             0           0
================================================================================
[2025-09-07T05:24:56.387+0000] {manager.py:879} INFO - 
================================================================================
DAG File Processing Stats

File Path                          PID    Runtime      # DAGs    # Errors  Last Runtime    Last Run
---------------------------------  -----  ---------  --------  ----------  --------------  -------------------
/opt/airflow/dags/etl_pipeline.py                           1           0  1.33s           2025-09-07T05:24:26
================================================================================
[2025-09-07T05:25:27.211+0000] {manager.py:879} INFO - 
================================================================================
DAG File Processing Stats

File Path                          PID    Runtime      # DAGs    # Errors  Last Runtime    Last Run
---------------------------------  -----  ---------  --------  ----------  --------------  -------------------
/opt/airflow/dags/etl_pipeline.py                           1           0  0.56s           2025-09-07T05:24:57
================================================================================
[2025-09-07T05:25:57.894+0000] {manager.py:879} INFO - 
================================================================================
DAG File Processing Stats

File Path                          PID    Runtime      # DAGs    # Errors  Last Runtime    Last Run
---------------------------------  -----  ---------  --------  ----------  --------------  -------------------
/opt/airflow/dags/etl_pipeline.py                           1           0  0.38s           2025-09-07T05:25:28
================================================================================
[2025-09-07T05:26:29.281+0000] {manager.py:879} INFO - 
================================================================================
DAG File Processing Stats

File Path                            PID  Runtime      # DAGs    # Errors  Last Runtime    Last Run
---------------------------------  -----  ---------  --------  ----------  --------------  -------------------
/opt/airflow/dags/etl_pipeline.py     94  0.00s             1           0  0.45s           2025-09-07T05:25:58
================================================================================
[2025-09-07T05:26:54.139+0000] {manager.py:451} INFO - Exiting gracefully upon receiving signal 15
[2025-09-07T05:30:57.644+0000] {manager.py:469} INFO - Processing files using up to 2 processes at a time 
[2025-09-07T05:30:57.644+0000] {manager.py:470} INFO - Process each file at most once every 30 seconds
[2025-09-07T05:30:57.645+0000] {manager.py:471} INFO - Checking for new files in /opt/airflow/dags every 300 seconds
[2025-09-07T05:30:57.646+0000] {manager.py:738} INFO - Searching for files in /opt/airflow/dags
[2025-09-07T05:30:57.737+0000] {manager.py:741} INFO - There are 1 files in /opt/airflow/dags
[2025-09-07T05:30:57.836+0000] {manager.py:879} INFO - 
================================================================================
DAG File Processing Stats

File Path                            PID  Runtime      # DAGs    # Errors  Last Runtime    Last Run
---------------------------------  -----  ---------  --------  ----------  --------------  ----------
/opt/airflow/dags/etl_pipeline.py     55  0.04s             0           0
================================================================================
[2025-09-07T05:31:28.980+0000] {manager.py:879} INFO - 
================================================================================
DAG File Processing Stats

File Path                            PID  Runtime      # DAGs    # Errors  Last Runtime    Last Run
---------------------------------  -----  ---------  --------  ----------  --------------  -------------------
/opt/airflow/dags/etl_pipeline.py     69  0.01s             1           0  1.06s           2025-09-07T05:30:58
================================================================================
